TN:
SF:/run/media/alien/DATA/iLibrary/Documents/Fun/Dista/app.js
FN:26,(anonymous_0)
FN:27,(anonymous_1)
FN:32,(anonymous_2)
FN:33,(anonymous_3)
FN:38,(anonymous_4)
FN:43,(anonymous_5)
FNF:6
FNH:3
FNDA:1,(anonymous_0)
FNDA:1,(anonymous_1)
FNDA:0,(anonymous_2)
FNDA:0,(anonymous_3)
FNDA:0,(anonymous_4)
FNDA:1,(anonymous_5)
DA:1,1
DA:2,1
DA:3,1
DA:4,1
DA:5,1
DA:7,1
DA:9,1
DA:11,1
DA:12,1
DA:13,1
DA:14,1
DA:15,1
DA:17,1
DA:20,1
DA:23,1
DA:24,1
DA:25,1
DA:27,1
DA:28,1
DA:31,0
DA:32,0
DA:33,0
DA:35,0
DA:38,0
DA:39,0
DA:43,1
DA:44,1
DA:47,1
LF:28
LH:22
BRDA:20,0,0,1
BRDA:20,0,1,0
BRDA:23,1,0,1
BRDA:23,1,1,0
BRDA:23,2,0,1
BRDA:23,2,1,0
BRDA:28,3,0,0
BRDA:28,3,1,1
BRDA:31,4,0,0
BRDA:31,4,1,0
BRDA:35,5,0,0
BRDA:35,5,1,0
BRDA:39,6,0,0
BRDA:39,6,1,0
BRF:14
BRH:4
end_of_record
TN:
SF:/run/media/alien/DATA/iLibrary/Documents/Fun/Dista/controllers/users.js
FN:3,(anonymous_0)
FN:12,(anonymous_1)
FN:16,(anonymous_2)
FN:19,(anonymous_3)
FN:27,(anonymous_4)
FN:30,(anonymous_5)
FNF:6
FNH:2
FNDA:1,(anonymous_0)
FNDA:1,(anonymous_1)
FNDA:0,(anonymous_2)
FNDA:0,(anonymous_3)
FNDA:0,(anonymous_4)
FNDA:0,(anonymous_5)
DA:1,1
DA:3,1
DA:4,1
DA:9,1
DA:10,1
DA:12,1
DA:13,1
DA:14,1
DA:16,1
DA:19,1
DA:21,0
DA:25,0
DA:27,1
DA:30,1
LF:14
LH:12
BRF:0
BRH:0
end_of_record
TN:
SF:/run/media/alien/DATA/iLibrary/Documents/Fun/Dista/models/users.js
FN:26,(anonymous_0)
FN:29,(anonymous_1)
FN:32,(anonymous_2)
FN:40,(anonymous_3)
FNF:4
FNH:3
FNDA:1,(anonymous_0)
FNDA:1,(anonymous_1)
FNDA:1,(anonymous_2)
FNDA:0,(anonymous_3)
DA:1,1
DA:2,1
DA:3,1
DA:5,1
DA:9,1
DA:25,1
DA:27,1
DA:30,1
DA:33,1
DA:34,1
DA:39,1
DA:41,0
DA:44,1
DA:46,1
LF:14
LH:13
BRF:0
BRH:0
end_of_record
TN:
SF:/run/media/alien/DATA/iLibrary/Documents/Fun/Dista/routes/users.js
FNF:0
FNH:0
DA:1,1
DA:2,1
DA:3,1
DA:6,1
DA:9,1
DA:11,1
LF:6
LH:6
BRF:0
BRH:0
end_of_record
TN:
SF:/run/media/alien/DATA/iLibrary/Documents/Fun/Dista/utils/testDb.js
FN:3,spinDb
FNF:1
FNH:1
FNDA:1,spinDb
DA:1,1
DA:2,1
DA:4,1
DA:5,1
DA:6,1
DA:7,1
DA:8,1
DA:15,1
LF:8
LH:8
BRF:0
BRH:0
end_of_record
